<?xml version="1.0" encoding="UTF-8" ?>
<testsuite failures="0" time="2.282" errors="0" skipped="3" tests="4" name="com.chenlb.mmseg4j.analysis.AnalyzerTest">
  <properties>
[...]
</properties>
  <testcase time="0.094" classname="com.chenlb.mmseg4j.analysis.AnalyzerTest" name="testComplex">
    <skipped/>
  </testcase>
  <testcase time="0.094" classname="com.chenlb.mmseg4j.analysis.AnalyzerTest" name="testSimple">
    <skipped/>
  </testcase>
  <testcase time="1.047" classname="com.chenlb.mmseg4j.analysis.AnalyzerTest" name="testCutLeeterDigitFilter"/>
  <testcase time="1.047" classname="com.chenlb.mmseg4j.analysis.AnalyzerTest" name="testMaxWord">
    <skipped/>
  </testcase>
</testsuite>